<?xml version="1.0" encoding="UTF-8"?>
<!-- Generated by org.testng.reporters.JUnitReportReporter -->
<testsuite hostname="WhatQ" failures="0" tests="2" name="com.edu.testCases.Admin_Login_Test" time="5.896" errors="0" timestamp="10 10月 2018 08:26:51 GMT" skipped="0">
  <testcase classname="com.edu.testCases.Admin_Login_Test" name="login" time="3.949"/>
  <testcase classname="com.edu.testCases.Admin_Login_Test" name="message" time="1.947"/>
</testsuite> <!-- com.edu.testCases.Admin_Login_Test -->
