<?xml version="1.0" encoding="UTF-8"?>
<!-- Generated by org.testng.reporters.JUnitReportReporter -->
<testsuite hostname="WhatQ" failures="0" tests="3" name="com.edu.testCases.Admin_Test" time="7.285" errors="0" timestamp="10 10月 2018 09:22:41 GMT" skipped="0">
  <testcase classname="com.edu.testCases.Admin_Test" name="login" time="4.053"/>
  <testcase classname="com.edu.testCases.Admin_Test" name="message" time="1.966"/>
  <testcase classname="com.edu.testCases.Admin_Test" name="con" time="1.266"/>
</testsuite> <!-- com.edu.testCases.Admin_Test -->
