[ERROR] 2018-12-06 19:07:19,691 com.webtest.utils.Log - Twenty Thirteen主题元素不存在
[ERROR] 2018-12-06 19:07:20,257 com.webtest.utils.Log - Twenty Thirteen主题未安装
[ERROR] 2018-12-06 19:10:19,158 com.webtest.utils.Log - Twenty Thirteen主题元素不存在
[ERROR] 2018-12-06 19:10:19,510 com.webtest.utils.Log - Twenty Thirteen主题未安装
[ERROR] 2018-12-06 19:20:08,466 com.webtest.utils.Log - Twenty Thirteen主题元素不存在
[ERROR] 2018-12-06 19:20:08,849 com.webtest.utils.Log - Twenty Thirteen主题未安装
[ERROR] 2018-12-06 21:01:09,972 com.webtest.utils.Log - shisujia.AddTag_Test@548a24a-addTag运行失败，需要截屏
[ERROR] 2018-12-06 21:08:00,047 com.webtest.utils.Log - yuezhewei.Compose@5f8e8a9d-compose运行失败，需要截屏
[ERROR] 2018-12-06 21:08:32,268 com.webtest.utils.Log - liujiang.Createpages@26abb146-caeatePagesTest运行失败，需要截屏
[ERROR] 2018-12-06 21:09:38,016 com.webtest.utils.Log - liujiang.ChangePages@65f8f5ae-changePages运行失败，需要截屏
[ERROR] 2018-12-06 21:10:06,404 com.webtest.utils.Log - liujiang.DeletePages@431cd9b2-deletePages运行失败，需要截屏
[ERROR] 2018-12-06 21:10:29,585 com.webtest.utils.Log - ludanqi123.Add_Article_Test@15888343-addArticle运行失败，需要截屏
[ERROR] 2018-12-06 21:10:51,558 com.webtest.utils.Log - ludanqi123.Find_Article_Test@33ecda92-findArticle运行失败，需要截屏
[ERROR] 2018-12-06 21:11:12,317 com.webtest.utils.Log - ludanqi123.Modify_Article_Test@14fc5f04-modifyArticle运行失败，需要截屏
[ERROR] 2018-12-06 21:11:39,802 com.webtest.utils.Log - ludanqi123.Delete_Article_Test@6e2829c7-testLogin运行失败，需要截屏
[ERROR] 2018-12-06 21:12:03,521 com.webtest.utils.Log - ludanqi123.Add_Catalog_Test@4d14b6c2-testLogin运行失败，需要截屏
[ERROR] 2018-12-06 21:12:28,235 com.webtest.utils.Log - ludanqi123.Find_Catalog_Test@7e990ed7-testLogin运行失败，需要截屏
[ERROR] 2018-12-06 21:12:50,809 com.webtest.utils.Log - ludanqi123.Modify_Catalog_Test@c05fddc-testLogin运行失败，需要截屏
[ERROR] 2018-12-06 21:13:16,202 com.webtest.utils.Log - ludanqi123.Delete_Catalog_Test@25df00a0-testLogin运行失败，需要截屏
[ERROR] 2018-12-06 21:14:49,225 com.webtest.utils.Log - Twenty Thirteen主题元素不存在
[ERROR] 2018-12-06 21:30:52,314 com.webtest.utils.Log - yuezhewei.Compose@5f8e8a9d-compose运行失败，需要截屏
[ERROR] 2018-12-06 21:32:59,831 com.webtest.utils.Log - liujiang.ChangePages@65f8f5ae-changePages运行失败，需要截屏
[ERROR] 2018-12-06 21:33:52,354 com.webtest.utils.Log - liujiang.DeletePages@431cd9b2-deletePages运行失败，需要截屏
[ERROR] 2018-12-06 21:35:14,635 com.webtest.utils.Log - ludanqi123.Add_Article_Test@15888343-addArticle运行失败，需要截屏
[ERROR] 2018-12-06 21:38:15,318 com.webtest.utils.Log - ludanqi123.Find_Article_Test@33ecda92-findArticle运行失败，需要截屏
[ERROR] 2018-12-06 21:38:41,890 com.webtest.utils.Log - ludanqi123.Modify_Article_Test@14fc5f04-modifyArticle运行失败，需要截屏
[ERROR] 2018-12-06 21:39:07,092 com.webtest.utils.Log - ludanqi123.Delete_Article_Test@6e2829c7-testLogin运行失败，需要截屏
[ERROR] 2018-12-06 21:42:54,911 com.webtest.utils.Log - Twenty Thirteen主题元素不存在
[ERROR] 2018-12-07 08:40:25,543 com.webtest.utils.Log - shisujia.AlterTag_Test@433defed-alterTag运行失败，需要截屏
[ERROR] 2018-12-07 08:40:49,571 com.webtest.utils.Log - shisujia.DeleteTag_Test@2a693f59-deleteTag运行失败，需要截屏
[ERROR] 2018-12-07 08:46:08,931 com.webtest.utils.Log - yuezhewei.Compose@5f8e8a9d-compose运行失败，需要截屏
[ERROR] 2018-12-07 08:52:12,104 com.webtest.utils.Log - ludanqi123.Find_Catalog_Test@7e990ed7-testLogin运行失败，需要截屏
[ERROR] 2018-12-07 08:54:07,701 com.webtest.utils.Log - ludanqi123.Delete_Catalog_Test@25df00a0-testLogin运行失败，需要截屏
[ERROR] 2018-12-07 08:56:15,639 com.webtest.utils.Log - Twenty Thirteen主题元素不存在
[ERROR] 2018-12-07 09:14:55,655 com.webtest.utils.Log - yuezhewei.Compose@5f8e8a9d-compose运行失败，需要截屏
[ERROR] 2018-12-07 09:20:30,538 com.webtest.utils.Log - ludanqi123.Find_Catalog_Test@25df00a0-findCataLog运行失败，需要截屏
[ERROR] 2018-12-07 09:24:08,923 com.webtest.utils.Log - Twenty Thirteen主题元素不存在
[ERROR] 2018-12-10 17:27:08,788 com.webtest.utils.Log - 无法完成单击动作[Ljava.lang.StackTraceElement;@6bce1a7f
[ERROR] 2018-12-10 17:29:35,975 com.webtest.utils.Log - 无法完成单击动作[Ljava.lang.StackTraceElement;@1cb7936c
[ERROR] 2018-12-10 17:29:47,096 com.webtest.utils.Log - 无法完成单击动作[Ljava.lang.StackTraceElement;@3bae64d0
[ERROR] 2018-12-10 17:31:45,052 com.webtest.utils.Log - 无法完成单击动作[Ljava.lang.StackTraceElement;@226eba67
[ERROR] 2018-12-10 17:33:42,810 com.webtest.utils.Log - 无法完成单击动作[Ljava.lang.StackTraceElement;@6601cc93
[ERROR] 2018-12-10 17:33:45,956 com.webtest.utils.Log - 无法完成单击动作[Ljava.lang.StackTraceElement;@4315e9af
[ERROR] 2018-12-10 17:34:40,505 com.webtest.utils.Log - 无法完成单击动作[Ljava.lang.StackTraceElement;@6601cc93
[ERROR] 2018-12-10 17:34:43,650 com.webtest.utils.Log - 无法完成单击动作[Ljava.lang.StackTraceElement;@4315e9af
[ERROR] 2018-12-10 17:35:59,400 com.webtest.utils.Log - 无法完成单击动作[Ljava.lang.StackTraceElement;@537c8c7e
[ERROR] 2018-12-10 17:36:41,244 com.webtest.utils.Log - 无法完成单击动作[Ljava.lang.StackTraceElement;@64a9d48c
[ERROR] 2018-12-10 17:37:38,731 com.webtest.utils.Log - 无法完成单击动作[Ljava.lang.StackTraceElement;@3b95d13c
[ERROR] 2018-12-10 17:42:05,633 com.webtest.utils.Log - 无法完成单击动作[Ljava.lang.StackTraceElement;@7308ffff
[ERROR] 2018-12-11 14:15:01,830 com.webtest.utils.Log - 无法完成单击动作[Ljava.lang.StackTraceElement;@4bafe935
[ERROR] 2018-12-11 15:19:17,278 com.webtest.utils.Log - Theme_Action-Relativity主题正在使用
[ERROR] 2018-12-12 16:51:46,255 com.webtest.utils.Log - project.wordpress.Tag_Test@433defed-deleteTag运行失败，需要截屏
[ERROR] 2018-12-12 16:53:48,418 com.webtest.utils.Log - 无法完成单击动作[Ljava.lang.StackTraceElement;@67c5ac52
[ERROR] 2018-12-12 16:53:51,856 com.webtest.utils.Log - project.wordpress.UserPrivileges_Test@312aa7c-subscriber运行失败，需要截屏
[ERROR] 2018-12-12 16:53:56,125 com.webtest.utils.Log - project.wordpress.User_Test@c430e6c-alterUser运行失败，需要截屏
[ERROR] 2018-12-12 16:53:56,218 com.webtest.utils.Log - project.wordpress.User_Test@c430e6c-deleteUser运行失败，需要截屏
[ERROR] 2018-12-12 16:55:18,366 com.webtest.utils.Log - project.wordpress.Tools_Test@4007f65e-Tools_In运行失败，需要截屏
[ERROR] 2018-12-12 16:56:47,871 com.webtest.utils.Log - project.wordpress.Settings_Test@2de56eb2-compose运行失败，需要截屏
[ERROR] 2018-12-12 16:56:48,844 com.webtest.utils.Log - project.wordpress.Settings_Test@2de56eb2-discuss运行失败，需要截屏
[ERROR] 2018-12-12 16:58:22,566 com.webtest.utils.Log - project.wordpress.Settings_Test@2de56eb2-medio5运行失败，需要截屏
[ERROR] 2018-12-12 16:58:23,112 com.webtest.utils.Log - project.wordpress.Settings_Test@2de56eb2-read运行失败，需要截屏
[ERROR] 2018-12-12 16:58:23,317 com.webtest.utils.Log - project.wordpress.Settings_Test@2de56eb2-read1运行失败，需要截屏
[ERROR] 2018-12-12 16:58:24,119 com.webtest.utils.Log - project.wordpress.Settings_Test@2de56eb2-read2运行失败，需要截屏
[ERROR] 2018-12-12 16:58:24,449 com.webtest.utils.Log - project.wordpress.Settings_Test@2de56eb2-routine运行失败，需要截屏
[ERROR] 2018-12-12 17:00:14,570 com.webtest.utils.Log - project.wordpress.Pages_Test@4722ef0c-caeatePagesTest运行失败，需要截屏
[ERROR] 2018-12-12 17:00:16,937 com.webtest.utils.Log - project.wordpress.Pages_Test@4722ef0c-findPages运行失败，需要截屏
[ERROR] 2018-12-12 17:00:17,802 com.webtest.utils.Log - project.wordpress.Pages_Test@4722ef0c-changePages运行失败，需要截屏
[ERROR] 2018-12-12 17:00:20,468 com.webtest.utils.Log - project.wordpress.Pages_Test@4722ef0c-deletePages运行失败，需要截屏
[ERROR] 2018-12-12 17:03:23,516 com.webtest.utils.Log - project.wordpress.Article_Test@790da477-addArticle运行失败，需要截屏
[ERROR] 2018-12-12 17:03:27,897 com.webtest.utils.Log - project.wordpress.Article_Test@790da477-addArticle运行失败，需要截屏
[ERROR] 2018-12-12 17:17:16,857 com.webtest.utils.Log - project.wordpress.Tag_Test@3f4faf53-deleteTag运行失败，需要截屏
[ERROR] 2018-12-12 17:18:48,302 com.webtest.utils.Log - 无法完成单击动作[Ljava.lang.StackTraceElement;@102c577f
[ERROR] 2018-12-12 17:18:51,312 com.webtest.utils.Log - project.wordpress.UserPrivileges_Test@72bc6553-subscriber运行失败，需要截屏
[ERROR] 2018-12-12 17:18:56,486 com.webtest.utils.Log - project.wordpress.User_Test@536f2a7e-alterUser运行失败，需要截屏
[ERROR] 2018-12-12 17:18:56,488 com.webtest.utils.Log - project.wordpress.User_Test@536f2a7e-alterUser运行失败，需要截屏
[ERROR] 2018-12-12 17:26:44,459 com.webtest.utils.Log - project.wordpress.Tag_Test@3f4faf53-addTag运行失败，需要截屏
[ERROR] 2018-12-12 17:27:22,406 com.webtest.utils.Log - project.wordpress.Tag_Test@3f4faf53-deleteTag运行失败，需要截屏
[ERROR] 2018-12-12 17:28:47,413 com.webtest.utils.Log - 无法完成单击动作[Ljava.lang.StackTraceElement;@4052c8c2
[ERROR] 2018-12-12 17:28:50,428 com.webtest.utils.Log - project.wordpress.UserPrivileges_Test@72bc6553-subscriber运行失败，需要截屏
[ERROR] 2018-12-12 17:28:55,442 com.webtest.utils.Log - project.wordpress.User_Test@536f2a7e-alterUser运行失败，需要截屏
[ERROR] 2018-12-12 17:28:55,444 com.webtest.utils.Log - project.wordpress.User_Test@536f2a7e-alterUser运行失败，需要截屏
[ERROR] 2018-12-12 17:33:42,162 com.webtest.utils.Log - project.wordpress.Tag_Test@433defed-addTag运行失败，需要截屏
[ERROR] 2018-12-12 17:34:17,965 com.webtest.utils.Log - project.wordpress.Tag_Test@433defed-deleteTag运行失败，需要截屏
[ERROR] 2018-12-12 17:35:58,249 com.webtest.utils.Log - 无法完成单击动作[Ljava.lang.StackTraceElement;@46185a1b
[ERROR] 2018-12-12 17:36:01,264 com.webtest.utils.Log - project.wordpress.UserPrivileges_Test@312aa7c-subscriber运行失败，需要截屏
[ERROR] 2018-12-12 17:36:05,490 com.webtest.utils.Log - project.wordpress.User_Test@c430e6c-alterUser运行失败，需要截屏
[ERROR] 2018-12-12 17:36:05,835 com.webtest.utils.Log - project.wordpress.User_Test@c430e6c-deleteUser运行失败，需要截屏
[ERROR] 2018-12-12 17:36:52,847 com.webtest.utils.Log - project.wordpress.Tools_Test@4007f65e-Tools_In运行失败，需要截屏
[ERROR] 2018-12-12 17:37:24,791 com.webtest.utils.Log - project.wordpress.Settings_Test@2de56eb2-compose运行失败，需要截屏
[ERROR] 2018-12-12 17:37:24,966 com.webtest.utils.Log - project.wordpress.Settings_Test@2de56eb2-discuss运行失败，需要截屏
[ERROR] 2018-12-12 17:37:25,125 com.webtest.utils.Log - project.wordpress.Settings_Test@2de56eb2-medio运行失败，需要截屏
[ERROR] 2018-12-12 17:37:25,249 com.webtest.utils.Log - project.wordpress.Settings_Test@2de56eb2-medio1运行失败，需要截屏
[ERROR] 2018-12-12 17:37:25,373 com.webtest.utils.Log - project.wordpress.Settings_Test@2de56eb2-medio2运行失败，需要截屏
[ERROR] 2018-12-12 17:37:26,518 com.webtest.utils.Log - project.wordpress.Settings_Test@2de56eb2-medio3运行失败，需要截屏
[ERROR] 2018-12-12 17:37:27,690 com.webtest.utils.Log - project.wordpress.Settings_Test@2de56eb2-medio4运行失败，需要截屏
[ERROR] 2018-12-12 17:37:28,960 com.webtest.utils.Log - project.wordpress.Settings_Test@2de56eb2-medio5运行失败，需要截屏
[ERROR] 2018-12-12 17:37:29,103 com.webtest.utils.Log - project.wordpress.Settings_Test@2de56eb2-read运行失败，需要截屏
[ERROR] 2018-12-12 17:37:29,225 com.webtest.utils.Log - project.wordpress.Settings_Test@2de56eb2-read1运行失败，需要截屏
[ERROR] 2018-12-12 17:37:29,403 com.webtest.utils.Log - project.wordpress.Settings_Test@2de56eb2-read2运行失败，需要截屏
[ERROR] 2018-12-12 17:37:29,539 com.webtest.utils.Log - project.wordpress.Settings_Test@2de56eb2-routine运行失败，需要截屏
[ERROR] 2018-12-12 17:38:47,019 com.webtest.utils.Log - project.wordpress.Pages_Test@4722ef0c-deletePages运行失败，需要截屏
[ERROR] 2018-12-12 17:39:09,694 com.webtest.utils.Log - project.wordpress.Article_Test@790da477-addArticle运行失败，需要截屏
[ERROR] 2018-12-12 17:39:22,487 com.webtest.utils.Log - project.wordpress.Article_Test@790da477-findArticle运行失败，需要截屏
[ERROR] 2018-12-12 17:39:27,780 com.webtest.utils.Log - project.wordpress.Article_Test@790da477-modifyArticle运行失败，需要截屏
[ERROR] 2018-12-12 17:39:34,452 com.webtest.utils.Log - project.wordpress.Article_Test@790da477-deleteArticle运行失败，需要截屏
[ERROR] 2018-12-12 17:40:00,388 com.webtest.utils.Log - project.wordpress.Catalog_Test@33ecda92-addCatalog运行失败，需要截屏
[ERROR] 2018-12-12 17:40:01,768 com.webtest.utils.Log - project.wordpress.Catalog_Test@33ecda92-findCataLog运行失败，需要截屏
[ERROR] 2018-12-12 17:40:03,149 com.webtest.utils.Log - project.wordpress.Catalog_Test@33ecda92-modifyCatalog运行失败，需要截屏
[ERROR] 2018-12-12 17:40:04,515 com.webtest.utils.Log - project.wordpress.Catalog_Test@33ecda92-deleteCataLog运行失败，需要截屏
[ERROR] 2018-12-12 17:46:13,730 com.webtest.utils.Log - project.wordpress.Plugin_Test@69c81773-actionplugin运行失败，需要截屏
[ERROR] 2018-12-12 17:48:20,255 com.webtest.utils.Log - project.wordpress.Theme_Test@6f43c82-changeTheme运行失败，需要截屏
[ERROR] 2018-12-12 17:50:04,993 com.webtest.utils.Log - project.wordpress.Custom_Other_Test@210ab13f-testLogin运行失败，需要截屏
[ERROR] 2018-12-12 17:53:24,641 com.webtest.utils.Log - project.wordpress.Media_Test@4f0f2942-Upload运行失败，需要截屏
[ERROR] 2018-12-12 17:53:31,541 com.webtest.utils.Log - project.wordpress.Media_Test@4f0f2942-Delete运行失败，需要截屏
[ERROR] 2018-12-13 13:42:34,488 com.webtest.utils.Log - project.wordpress.Login_Test@7c137fd5-loginOut运行失败，需要截屏
[ERROR] 2018-12-13 13:42:52,439 com.webtest.utils.Log - project.wordpress.Tag_Test@3f4faf53-addTag运行失败，需要截屏
[ERROR] 2018-12-13 13:42:52,526 com.webtest.utils.Log - project.wordpress.Tag_Test@3f4faf53-alterTag运行失败，需要截屏
[ERROR] 2018-12-13 13:42:52,615 com.webtest.utils.Log - project.wordpress.Tag_Test@3f4faf53-deleteTag运行失败，需要截屏
[ERROR] 2018-12-13 13:44:26,526 com.webtest.utils.Log - 无法完成单击动作[Ljava.lang.StackTraceElement;@36c2b646
[ERROR] 2018-12-13 13:44:29,543 com.webtest.utils.Log - project.wordpress.UserPrivileges_Test@72bc6553-subscriber运行失败，需要截屏
[ERROR] 2018-12-13 13:44:34,605 com.webtest.utils.Log - project.wordpress.User_Test@536f2a7e-alterUser运行失败，需要截屏
[ERROR] 2018-12-13 13:44:34,608 com.webtest.utils.Log - project.wordpress.User_Test@536f2a7e-alterUser运行失败，需要截屏
[ERROR] 2018-12-13 13:54:50,831 com.webtest.utils.Log - project.wordpress.Tag_Test@3f4faf53-deleteTag运行失败，需要截屏
[ERROR] 2018-12-13 13:56:09,823 com.webtest.utils.Log - project.wordpress.Settings_Test@710636b0-compose运行失败，需要截屏
[ERROR] 2018-12-13 13:56:10,010 com.webtest.utils.Log - project.wordpress.Settings_Test@710636b0-discuss运行失败，需要截屏
[ERROR] 2018-12-13 13:56:10,158 com.webtest.utils.Log - project.wordpress.Settings_Test@710636b0-medio运行失败，需要截屏
[ERROR] 2018-12-13 13:56:10,312 com.webtest.utils.Log - project.wordpress.Settings_Test@710636b0-medio1运行失败，需要截屏
[ERROR] 2018-12-13 13:56:10,449 com.webtest.utils.Log - project.wordpress.Settings_Test@710636b0-medio2运行失败，需要截屏
[ERROR] 2018-12-13 13:56:11,582 com.webtest.utils.Log - project.wordpress.Settings_Test@710636b0-medio3运行失败，需要截屏
[ERROR] 2018-12-13 13:56:12,738 com.webtest.utils.Log - project.wordpress.Settings_Test@710636b0-medio4运行失败，需要截屏
[ERROR] 2018-12-13 13:56:13,879 com.webtest.utils.Log - project.wordpress.Settings_Test@710636b0-medio5运行失败，需要截屏
[ERROR] 2018-12-13 13:56:14,018 com.webtest.utils.Log - project.wordpress.Settings_Test@710636b0-read运行失败，需要截屏
[ERROR] 2018-12-13 13:56:14,152 com.webtest.utils.Log - project.wordpress.Settings_Test@710636b0-read1运行失败，需要截屏
[ERROR] 2018-12-13 13:56:14,292 com.webtest.utils.Log - project.wordpress.Settings_Test@710636b0-read2运行失败，需要截屏
[ERROR] 2018-12-13 13:56:14,463 com.webtest.utils.Log - project.wordpress.Settings_Test@710636b0-routine运行失败，需要截屏
[ERROR] 2018-12-13 13:57:23,855 com.webtest.utils.Log - project.wordpress.Pages_Test@6f204a1a-deletePages运行失败，需要截屏
[ERROR] 2018-12-13 13:58:19,349 com.webtest.utils.Log - project.wordpress.Article_Test@4722ef0c-findArticle运行失败，需要截屏
[ERROR] 2018-12-13 13:59:29,364 com.webtest.utils.Log - project.wordpress.Catalog_Test@5b7a7f33-modifyCatalog运行失败，需要截屏
[ERROR] 2018-12-13 13:59:29,581 com.webtest.utils.Log - project.wordpress.Catalog_Test@5b7a7f33-deleteCataLog运行失败，需要截屏
[ERROR] 2018-12-13 14:05:46,779 com.webtest.utils.Log - project.wordpress.Plugin_Test@15888343-actionplugin运行失败，需要截屏
[ERROR] 2018-12-13 14:06:35,564 com.webtest.utils.Log - project.wordpress.Theme_Test@5a5a729f-changeTheme运行失败，需要截屏
[ERROR] 2018-12-13 14:08:31,569 com.webtest.utils.Log - project.wordpress.Custom_Other_Test@16150369-testLogin运行失败，需要截屏
[ERROR] 2018-12-13 14:09:12,614 com.webtest.utils.Log - project.wordpress.Media_Test@821330f-Upload运行失败，需要截屏
[ERROR] 2018-12-13 14:09:20,671 com.webtest.utils.Log - project.wordpress.Media_Test@821330f-Delete运行失败，需要截屏
[ERROR] 2018-12-13 14:10:59,120 com.webtest.utils.Log - 无法完成单击动作[Ljava.lang.StackTraceElement;@6b6b3572
[ERROR] 2018-12-13 14:11:02,201 com.webtest.utils.Log - project.wordpress.UserPrivileges_Test@5340477f-subscriber运行失败，需要截屏
[ERROR] 2018-12-13 14:11:08,714 com.webtest.utils.Log - project.wordpress.User_Test@2657d4dd-alterUser运行失败，需要截屏
[ERROR] 2018-12-13 14:11:08,719 com.webtest.utils.Log - project.wordpress.User_Test@2657d4dd-alterUser运行失败，需要截屏
[ERROR] 2018-12-13 14:21:38,560 com.webtest.utils.Log - project.wordpress.Tag_Test@433defed-addTag运行失败，需要截屏
[ERROR] 2018-12-13 14:21:43,708 com.webtest.utils.Log - project.wordpress.Tag_Test@433defed-alterTag运行失败，需要截屏
[ERROR] 2018-12-13 14:21:47,100 com.webtest.utils.Log - project.wordpress.Tag_Test@433defed-deleteTag运行失败，需要截屏
[ERROR] 2018-12-13 14:23:29,040 com.webtest.utils.Log - project.wordpress.Tools_Test@70cf32e3-Tools_In运行失败，需要截屏
[ERROR] 2018-12-13 14:24:58,249 com.webtest.utils.Log - project.wordpress.Settings_Test@5b799640-compose运行失败，需要截屏
[ERROR] 2018-12-13 14:24:59,360 com.webtest.utils.Log - project.wordpress.Settings_Test@5b799640-discuss运行失败，需要截屏
[ERROR] 2018-12-13 14:25:28,968 com.webtest.utils.Log - project.wordpress.Settings_Test@5b799640-medio1运行失败，需要截屏
[ERROR] 2018-12-13 14:25:29,192 com.webtest.utils.Log - project.wordpress.Settings_Test@5b799640-medio2运行失败，需要截屏
[ERROR] 2018-12-13 14:25:30,842 com.webtest.utils.Log - project.wordpress.Settings_Test@5b799640-medio3运行失败，需要截屏
[ERROR] 2018-12-13 14:25:32,011 com.webtest.utils.Log - project.wordpress.Settings_Test@5b799640-medio4运行失败，需要截屏
[ERROR] 2018-12-13 14:25:33,163 com.webtest.utils.Log - project.wordpress.Settings_Test@5b799640-medio5运行失败，需要截屏
[ERROR] 2018-12-13 14:25:33,328 com.webtest.utils.Log - project.wordpress.Settings_Test@5b799640-read运行失败，需要截屏
[ERROR] 2018-12-13 14:25:33,608 com.webtest.utils.Log - project.wordpress.Settings_Test@5b799640-read1运行失败，需要截屏
[ERROR] 2018-12-13 14:25:33,735 com.webtest.utils.Log - project.wordpress.Settings_Test@5b799640-read2运行失败，需要截屏
[ERROR] 2018-12-13 14:25:33,915 com.webtest.utils.Log - project.wordpress.Settings_Test@5b799640-routine运行失败，需要截屏
[ERROR] 2018-12-13 14:26:38,176 com.webtest.utils.Log - project.wordpress.Pages_Test@239a307b-caeatePagesTest运行失败，需要截屏
[ERROR] 2018-12-13 14:26:42,113 com.webtest.utils.Log - project.wordpress.Pages_Test@239a307b-findPages运行失败，需要截屏
[ERROR] 2018-12-13 14:26:45,496 com.webtest.utils.Log - project.wordpress.Pages_Test@239a307b-changePages运行失败，需要截屏
[ERROR] 2018-12-13 14:26:48,950 com.webtest.utils.Log - project.wordpress.Pages_Test@239a307b-deletePages运行失败，需要截屏
[ERROR] 2018-12-13 14:28:14,419 com.webtest.utils.Log - project.wordpress.Article_Test@5b38c1ec-addArticle运行失败，需要截屏
[ERROR] 2018-12-13 14:28:14,654 com.webtest.utils.Log - project.wordpress.Article_Test@5b38c1ec-findArticle运行失败，需要截屏
[ERROR] 2018-12-13 14:28:17,224 com.webtest.utils.Log - project.wordpress.Article_Test@5b38c1ec-modifyArticle运行失败，需要截屏
[ERROR] 2018-12-13 14:28:24,404 com.webtest.utils.Log - project.wordpress.Article_Test@5b38c1ec-deleteArticle运行失败，需要截屏
[ERROR] 2018-12-13 14:31:11,878 com.webtest.utils.Log - project.wordpress.Catalog_Test@431cd9b2-addCatalog运行失败，需要截屏
[ERROR] 2018-12-13 14:31:12,499 com.webtest.utils.Log - project.wordpress.Catalog_Test@431cd9b2-findCataLog运行失败，需要截屏
[ERROR] 2018-12-13 14:31:12,573 com.webtest.utils.Log - project.wordpress.Catalog_Test@431cd9b2-modifyCatalog运行失败，需要截屏
[ERROR] 2018-12-13 14:31:13,024 com.webtest.utils.Log - project.wordpress.Catalog_Test@431cd9b2-deleteCataLog运行失败，需要截屏
[ERROR] 2018-12-13 14:37:40,285 com.webtest.utils.Log - project.wordpress.Plugin_Test@d554c5f-actionplugin运行失败，需要截屏
[ERROR] 2018-12-13 14:43:14,722 com.webtest.utils.Log - project.wordpress.Theme_Test@aba625-changeTheme运行失败，需要截屏
[ERROR] 2018-12-13 14:43:58,665 com.webtest.utils.Log - project.wordpress.LittleTools_Test@97e93f1-addTools运行失败，需要截屏
[ERROR] 2018-12-13 14:45:31,302 com.webtest.utils.Log - project.wordpress.Custom_Other_Test@5a5a729f-testLogin运行失败，需要截屏
[ERROR] 2018-12-13 14:48:28,522 com.webtest.utils.Log - project.wordpress.Media_Test@34bde49d-Upload运行失败，需要截屏
[ERROR] 2018-12-13 14:48:29,262 com.webtest.utils.Log - project.wordpress.Media_Test@34bde49d-Delete运行失败，需要截屏
[ERROR] 2018-12-13 16:17:56,890 com.webtest.utils.Log - 无法完成单击动作[Ljava.lang.StackTraceElement;@23b3aa8c
[ERROR] 2018-12-13 16:19:53,530 com.webtest.utils.Log - 无法完成单击动作[Ljava.lang.StackTraceElement;@87b5b49
[ERROR] 2018-12-13 16:21:29,826 com.webtest.utils.Log - 无法完成单击动作[Ljava.lang.StackTraceElement;@3730ab42
[ERROR] 2018-12-13 17:53:45,389 com.webtest.utils.Log - project.wordpress.Tag_Test@3f4faf53-deleteTag运行失败，需要截屏
[ERROR] 2018-12-13 17:58:34,194 com.webtest.utils.Log - project.wordpress.Pages_Test@6f204a1a-caeatePagesTest运行失败，需要截屏
[ERROR] 2018-12-13 17:58:37,445 com.webtest.utils.Log - project.wordpress.Pages_Test@6f204a1a-findPages运行失败，需要截屏
[ERROR] 2018-12-13 17:58:40,676 com.webtest.utils.Log - project.wordpress.Pages_Test@6f204a1a-changePages运行失败，需要截屏
[ERROR] 2018-12-13 17:58:43,898 com.webtest.utils.Log - project.wordpress.Pages_Test@6f204a1a-deletePages运行失败，需要截屏
[ERROR] 2018-12-13 18:00:51,978 com.webtest.utils.Log - project.wordpress.Catalog_Test@5b7a7f33-deleteCataLog运行失败，需要截屏
[ERROR] 2018-12-13 18:07:38,589 com.webtest.utils.Log - project.wordpress.Theme_Test@5a5a729f-changeTheme运行失败，需要截屏
[ERROR] 2018-12-13 18:09:07,956 com.webtest.utils.Log - project.wordpress.Custom_Other_Test@16150369-testLogin运行失败，需要截屏
[ERROR] 2018-12-13 18:09:31,454 com.webtest.utils.Log - project.wordpress.Media_Test@821330f-Upload运行失败，需要截屏
[ERROR] 2018-12-13 18:09:37,850 com.webtest.utils.Log - project.wordpress.Media_Test@821330f-Delete运行失败，需要截屏
[ERROR] 2018-12-14 09:01:05,842 com.webtest.utils.Log - project.wordpress.Tag_Test@3f4faf53-addTag运行失败，需要截屏
[ERROR] 2018-12-14 09:03:43,362 com.webtest.utils.Log - project.wordpress.Tag_Test@3f4faf53-deleteTag运行失败，需要截屏
[ERROR] 2018-12-14 09:11:40,885 com.webtest.utils.Log - project.wordpress.Catalog_Test@5b7a7f33-deleteCataLog运行失败，需要截屏
[ERROR] 2018-12-14 09:12:16,371 com.webtest.utils.Log - project.wordpress.Plugin_Test@15888343-findplugin运行失败，需要截屏
[ERROR] 2018-12-14 09:13:01,077 com.webtest.utils.Log - project.wordpress.Theme_Test@5a5a729f-changeTheme运行失败，需要截屏
[ERROR] 2018-12-14 09:14:59,693 com.webtest.utils.Log - project.wordpress.Custom_Other_Test@16150369-custom运行失败，需要截屏
[ERROR] 2018-12-14 09:15:54,037 com.webtest.utils.Log - project.wordpress.Media_Test@821330f-Delete运行失败，需要截屏
[ERROR] 2018-12-14 09:16:12,711 com.webtest.utils.Log - project.wordpress.User_Test@2657d4dd-addUser运行失败，需要截屏
[ERROR] 2018-12-19 17:54:09,269 com.webtest.utils.Log - project.wordpress.Settings_Test@710636b0-compose运行失败，需要截屏
[ERROR] 2018-12-19 17:54:10,741 com.webtest.utils.Log - project.wordpress.Settings_Test@710636b0-discuss运行失败，需要截屏
[ERROR] 2018-12-19 17:54:12,089 com.webtest.utils.Log - project.wordpress.Settings_Test@710636b0-medio运行失败，需要截屏
[ERROR] 2018-12-19 17:54:12,240 com.webtest.utils.Log - project.wordpress.Settings_Test@710636b0-medio1运行失败，需要截屏
[ERROR] 2018-12-19 17:54:13,529 com.webtest.utils.Log - project.wordpress.Settings_Test@710636b0-medio2运行失败，需要截屏
[ERROR] 2018-12-19 17:57:00,959 com.webtest.utils.Log - project.wordpress.Pages_Test@6f204a1a-deletePages运行失败，需要截屏
[ERROR] 2018-12-19 17:58:15,395 com.webtest.utils.Log - project.wordpress.Article_Test@4722ef0c-deleteArticle运行失败，需要截屏
[ERROR] 2018-12-19 17:59:05,996 com.webtest.utils.Log - project.wordpress.Catalog_Test@5b7a7f33-modifyCatalog运行失败，需要截屏
[ERROR] 2018-12-19 18:05:17,500 com.webtest.utils.Log - project.wordpress.Plugin_Test@15888343-actionplugin运行失败，需要截屏
[ERROR] 2018-12-19 18:06:14,268 com.webtest.utils.Log - project.wordpress.Theme_Test@5a5a729f-changeTheme运行失败，需要截屏
[ERROR] 2018-12-19 18:08:03,148 com.webtest.utils.Log - project.wordpress.Custom_Other_Test@16150369-custom运行失败，需要截屏
[ERROR] 2018-12-20 12:34:48,328 com.webtest.utils.Log - project.wordpress.Login_Test@7c137fd5-loginOut运行失败，需要截屏
[ERROR] 2018-12-21 07:58:13,952 com.webtest.utils.Log - project.wordpress.Tag_Test@3f4faf53-addTag运行失败，需要截屏
[ERROR] 2018-12-21 07:58:24,149 com.webtest.utils.Log - project.wordpress.Tag_Test@3f4faf53-alterTag运行失败，需要截屏
[ERROR] 2018-12-21 07:58:29,296 com.webtest.utils.Log - project.wordpress.Tag_Test@3f4faf53-deleteTag运行失败，需要截屏
[ERROR] 2018-12-21 07:59:34,457 com.webtest.utils.Log - project.wordpress.Settings_Test@710636b0-compose运行失败，需要截屏
[ERROR] 2018-12-21 07:59:35,854 com.webtest.utils.Log - project.wordpress.Settings_Test@710636b0-discuss运行失败，需要截屏
[ERROR] 2018-12-21 07:59:37,198 com.webtest.utils.Log - project.wordpress.Settings_Test@710636b0-medio运行失败，需要截屏
[ERROR] 2018-12-21 07:59:37,380 com.webtest.utils.Log - project.wordpress.Settings_Test@710636b0-medio1运行失败，需要截屏
[ERROR] 2018-12-21 07:59:38,717 com.webtest.utils.Log - project.wordpress.Settings_Test@710636b0-medio2运行失败，需要截屏
[ERROR] 2018-12-21 08:01:42,594 com.webtest.utils.Log - project.wordpress.Pages_Test@6f204a1a-caeatePagesTest运行失败，需要截屏
[ERROR] 2018-12-21 08:02:03,994 com.webtest.utils.Log - project.wordpress.Pages_Test@6f204a1a-changePages运行失败，需要截屏
[ERROR] 2018-12-21 08:02:32,157 com.webtest.utils.Log - project.wordpress.Article_Test@4722ef0c-addArticle运行失败，需要截屏
[ERROR] 2018-12-21 08:02:41,705 com.webtest.utils.Log - project.wordpress.Article_Test@4722ef0c-findArticle运行失败，需要截屏
[ERROR] 2018-12-21 08:02:46,160 com.webtest.utils.Log - project.wordpress.Article_Test@4722ef0c-modifyArticle运行失败，需要截屏
[ERROR] 2018-12-21 08:02:51,652 com.webtest.utils.Log - project.wordpress.Article_Test@4722ef0c-deleteArticle运行失败，需要截屏
[ERROR] 2018-12-21 08:03:10,624 com.webtest.utils.Log - project.wordpress.Catalog_Test@5b7a7f33-addCatalog运行失败，需要截屏
[ERROR] 2018-12-21 08:03:11,966 com.webtest.utils.Log - project.wordpress.Catalog_Test@5b7a7f33-findCataLog运行失败，需要截屏
[ERROR] 2018-12-21 08:03:13,293 com.webtest.utils.Log - project.wordpress.Catalog_Test@5b7a7f33-modifyCatalog运行失败，需要截屏
[ERROR] 2018-12-21 08:03:14,607 com.webtest.utils.Log - project.wordpress.Catalog_Test@5b7a7f33-deleteCataLog运行失败，需要截屏
[ERROR] 2018-12-21 08:10:31,786 com.webtest.utils.Log - project.wordpress.Theme_Test@5a5a729f-changeTheme运行失败，需要截屏
[ERROR] 2018-12-21 08:12:48,588 com.webtest.utils.Log - project.wordpress.Custom_Other_Test@16150369-custom运行失败，需要截屏
[ERROR] 2018-12-21 08:16:12,470 com.webtest.utils.Log - project.wordpress.Media_Test@821330f-Delete运行失败，需要截屏
[ERROR] 2018-12-21 09:10:49,305 com.webtest.utils.Log - project.wordpress.Pages_Test@6f204a1a-deletePages运行失败，需要截屏
[ERROR] 2018-12-21 09:12:03,083 com.webtest.utils.Log - project.wordpress.Article_Test@4722ef0c-deleteArticle运行失败，需要截屏
[ERROR] 2018-12-21 09:12:24,473 com.webtest.utils.Log - project.wordpress.Catalog_Test@5b7a7f33-addCatalog运行失败，需要截屏
[ERROR] 2018-12-21 09:12:25,743 com.webtest.utils.Log - project.wordpress.Catalog_Test@5b7a7f33-findCataLog运行失败，需要截屏
[ERROR] 2018-12-21 09:12:26,977 com.webtest.utils.Log - project.wordpress.Catalog_Test@5b7a7f33-modifyCatalog运行失败，需要截屏
[ERROR] 2018-12-21 09:12:28,212 com.webtest.utils.Log - project.wordpress.Catalog_Test@5b7a7f33-deleteCataLog运行失败，需要截屏
[ERROR] 2018-12-21 09:13:05,636 com.webtest.utils.Log - project.wordpress.Plugin_Test@15888343-findplugin运行失败，需要截屏
[ERROR] 2018-12-21 09:13:46,306 com.webtest.utils.Log - project.wordpress.Theme_Test@5a5a729f-changeTheme运行失败，需要截屏
[ERROR] 2018-12-21 09:15:37,403 com.webtest.utils.Log - project.wordpress.Custom_Other_Test@16150369-custom运行失败，需要截屏
[ERROR] 2018-12-21 09:18:18,283 com.webtest.utils.Log - project.wordpress.Media_Test@821330f-Delete运行失败，需要截屏
[ERROR] 2018-12-21 10:49:58,016 com.webtest.utils.Log - project.wordpress.Pages_Test@6f204a1a-deletePages运行失败，需要截屏
[ERROR] 2018-12-21 10:51:12,618 com.webtest.utils.Log - project.wordpress.Article_Test@4722ef0c-deleteArticle运行失败，需要截屏
[ERROR] 2018-12-21 10:59:00,137 com.webtest.utils.Log - project.wordpress.Theme_Test@5a5a729f-changeTheme运行失败，需要截屏
[ERROR] 2018-12-21 11:00:56,527 com.webtest.utils.Log - project.wordpress.Custom_Other_Test@16150369-custom运行失败，需要截屏
[ERROR] 2018-12-21 11:02:31,224 com.webtest.utils.Log - project.wordpress.Media_Test@821330f-Delete运行失败，需要截屏
[ERROR] 2018-12-28 10:24:53,268 com.webtest.utils.Log - project.wordpress.Pages_Test@6f204a1a-caeatePagesTest运行失败，需要截屏
[ERROR] 2018-12-28 10:24:56,896 com.webtest.utils.Log - project.wordpress.Pages_Test@6f204a1a-findPages运行失败，需要截屏
[ERROR] 2018-12-28 10:25:00,146 com.webtest.utils.Log - project.wordpress.Pages_Test@6f204a1a-changePages运行失败，需要截屏
[ERROR] 2018-12-28 10:25:03,391 com.webtest.utils.Log - project.wordpress.Pages_Test@6f204a1a-deletePages运行失败，需要截屏
[ERROR] 2018-12-28 10:26:19,578 com.webtest.utils.Log - project.wordpress.Article_Test@4722ef0c-deleteArticle运行失败，需要截屏
[ERROR] 2018-12-28 10:33:10,048 com.webtest.utils.Log - project.wordpress.Plugin_Test@15888343-actionplugin运行失败，需要截屏
[ERROR] 2018-12-28 10:33:51,288 com.webtest.utils.Log - project.wordpress.Theme_Test@5a5a729f-changeTheme运行失败，需要截屏
[ERROR] 2018-12-28 10:35:35,653 com.webtest.utils.Log - project.wordpress.Custom_Other_Test@16150369-custom运行失败，需要截屏
[ERROR] 2018-12-28 10:36:24,635 com.webtest.utils.Log - project.wordpress.Media_Test@821330f-Upload运行失败，需要截屏
[ERROR] 2018-12-28 10:36:24,791 com.webtest.utils.Log - project.wordpress.Media_Test@821330f-Delete运行失败，需要截屏
