<?xml version="1.0" encoding="UTF-8"?>
<testng-results ignored="0" total="3" passed="3" failed="0" skipped="0">
  <reporter-output>
  </reporter-output>
  <suite started-at="2018-10-10T09:22:34Z" name="Default suite" finished-at="2018-10-10T09:22:41Z" duration-ms="7314">
    <groups>
    </groups>
    <test started-at="2018-10-10T09:22:34Z" name="Default test" finished-at="2018-10-10T09:22:41Z" duration-ms="7314">
      <class name="com.edu.testCases.Admin_Test">
        <test-method is-config="true" signature="startBrowser()[pri:0, instance:com.edu.testCases.Admin_Test@2c35e847]" started-at="2018-10-10T09:22:29Z" name="startBrowser" finished-at="2018-10-10T09:22:34Z" duration-ms="4648" status="PASS">
          <reporter-output>
          </reporter-output>
        </test-method> <!-- startBrowser -->
        <test-method signature="login()[pri:0, instance:com.edu.testCases.Admin_Test@2c35e847]" started-at="2018-10-10T09:22:34Z" name="login" finished-at="2018-10-10T09:22:38Z" duration-ms="4053" status="PASS">
          <reporter-output>
          </reporter-output>
        </test-method> <!-- login -->
        <test-method signature="message()[pri:1, instance:com.edu.testCases.Admin_Test@2c35e847]" started-at="2018-10-10T09:22:38Z" name="message" finished-at="2018-10-10T09:22:40Z" duration-ms="1966" status="PASS">
          <reporter-output>
          </reporter-output>
        </test-method> <!-- message -->
        <test-method signature="con()[pri:2, instance:com.edu.testCases.Admin_Test@2c35e847]" started-at="2018-10-10T09:22:40Z" name="con" finished-at="2018-10-10T09:22:41Z" duration-ms="1266" status="PASS">
          <reporter-output>
          </reporter-output>
        </test-method> <!-- con -->
        <test-method is-config="true" signature="quitBrowser()[pri:0, instance:com.edu.testCases.Admin_Test@2c35e847]" started-at="2018-10-10T09:22:41Z" name="quitBrowser" finished-at="2018-10-10T09:22:41Z" duration-ms="10" status="PASS">
          <reporter-output>
          </reporter-output>
        </test-method> <!-- quitBrowser -->
      </class> <!-- com.edu.testCases.Admin_Test -->
    </test> <!-- Default test -->
  </suite> <!-- Default suite -->
</testng-results>
