<?xml version="1.0" encoding="UTF-8"?>
<!-- Generated by org.testng.reporters.JUnitXMLReporter -->
<testsuite ignored="2" hostname="WhatQ" failures="1" tests="2" name="test1" time="3.964" errors="0" timestamp="10 10月 2018 08:15:10 GMT">
  <testcase classname="com.edu.testCases.Admin_Login_Test" name="login" time="3.906"/>
  <testcase classname="com.edu.testCases.Admin_AddFilm_Test" name="login" time="0.012">
    <failure type="java.lang.NullPointerException">
      <![CDATA[java.lang.NullPointerException
at com.edu.pageObjects.Admin_AddFilmPage.getfilm_man(Admin_AddFilmPage.java:18)
at com.edu.appModules.Admin_AddFilm_Action.execute_addmessage(Admin_AddFilm_Action.java:13)
at com.edu.testCases.Admin_AddFilm_Test.login(Admin_AddFilm_Test.java:10)
... Removed 25 stack frames]]>
    </failure>
  </testcase> <!-- login -->
  <testcase classname="com.edu.testCases.BaseTest" name="@AfterSuite quitBrowser" time="0.0">
    <ignored/>
  </testcase> <!-- @AfterSuite quitBrowser -->
  <testcase classname="com.edu.testCases.BaseTest" name="@BeforeSuite startBrowser" time="0.0">
    <ignored/>
  </testcase> <!-- @BeforeSuite startBrowser -->
</testsuite> <!-- test1 -->
