[ERROR] 2018-11-16 11:20:33,268 com.webtest.utils.Log - com.webtest.demo.Front_Login_Test@7d70d1b1-testLogin运行失败，需要截屏
[INFO ] 2018-11-19 14:28:41,127 com.webtest.utils.Log - Using Firefox
[INFO ] 2018-11-19 14:28:41,221 com.webtest.utils.Log - firefox
[INFO ] 2018-11-19 14:28:44,588 com.webtest.utils.Log - Opened url http://localhost:8032/mymovie/
[INFO ] 2018-11-19 14:28:44,705 com.webtest.utils.Log - org.openqa.selenium.NoSuchElementException: Unable to locate element: 登录
For documentation on this error, please visit: http://seleniumhq.org/exceptions/no_such_element.html
Build info: version: '3.6.0', revision: '6fbf3ec767', time: '2017-09-27T16:15:40.131Z'
System info: host: 'WHATQ', ip: '169.254.144.88', os.name: 'Windows 10', os.arch: 'amd64', os.version: '10.0', java.version: '1.8.0_191'
Driver info: org.openqa.selenium.firefox.FirefoxDriver
Capabilities [{moz:profile=C:\Users\60132\AppData\Local\Temp\rust_mozprofile.k4LmVi98mHSz, rotatable=false, timeouts={implicit=0, pageLoad=300000, script=30000}, pageLoadStrategy=normal, moz:headless=false, platform=XP, specificationLevel=0, moz:accessibilityChecks=false, acceptInsecureCerts=true, browserVersion=56.0, platformVersion=10.0, moz:processID=12716, browserName=firefox, javascriptEnabled=true, platformName=XP}]
Session ID: 6c7ceae3-4c75-48d8-bcf1-06b66d8a703b
*** Element info: {Using=link text, value=登录}
[INFO ] 2018-11-19 14:28:44,719 com.webtest.utils.Log - org.openqa.selenium.NoSuchElementException: Unable to locate element: *[name='username']
For documentation on this error, please visit: http://seleniumhq.org/exceptions/no_such_element.html
Build info: version: '3.6.0', revision: '6fbf3ec767', time: '2017-09-27T16:15:40.131Z'
System info: host: 'WHATQ', ip: '169.254.144.88', os.name: 'Windows 10', os.arch: 'amd64', os.version: '10.0', java.version: '1.8.0_191'
Driver info: org.openqa.selenium.firefox.FirefoxDriver
Capabilities [{moz:profile=C:\Users\60132\AppData\Local\Temp\rust_mozprofile.k4LmVi98mHSz, rotatable=false, timeouts={implicit=0, pageLoad=300000, script=30000}, pageLoadStrategy=normal, moz:headless=false, platform=XP, specificationLevel=0, moz:accessibilityChecks=false, acceptInsecureCerts=true, browserVersion=56.0, platformVersion=10.0, moz:processID=12716, browserName=firefox, javascriptEnabled=true, platformName=XP}]
Session ID: 6c7ceae3-4c75-48d8-bcf1-06b66d8a703b
*** Element info: {Using=name, value=username}
[INFO ] 2018-11-19 14:28:44,729 com.webtest.utils.Log - org.openqa.selenium.NoSuchElementException: Unable to locate element: *[name='password']
For documentation on this error, please visit: http://seleniumhq.org/exceptions/no_such_element.html
Build info: version: '3.6.0', revision: '6fbf3ec767', time: '2017-09-27T16:15:40.131Z'
System info: host: 'WHATQ', ip: '169.254.144.88', os.name: 'Windows 10', os.arch: 'amd64', os.version: '10.0', java.version: '1.8.0_191'
Driver info: org.openqa.selenium.firefox.FirefoxDriver
Capabilities [{moz:profile=C:\Users\60132\AppData\Local\Temp\rust_mozprofile.k4LmVi98mHSz, rotatable=false, timeouts={implicit=0, pageLoad=300000, script=30000}, pageLoadStrategy=normal, moz:headless=false, platform=XP, specificationLevel=0, moz:accessibilityChecks=false, acceptInsecureCerts=true, browserVersion=56.0, platformVersion=10.0, moz:processID=12716, browserName=firefox, javascriptEnabled=true, platformName=XP}]
Session ID: 6c7ceae3-4c75-48d8-bcf1-06b66d8a703b
*** Element info: {Using=name, value=password}
[INFO ] 2018-11-19 14:28:44,741 com.webtest.utils.Log - org.openqa.selenium.NoSuchElementException: Unable to locate element: //input[@value='马上登录']
For documentation on this error, please visit: http://seleniumhq.org/exceptions/no_such_element.html
Build info: version: '3.6.0', revision: '6fbf3ec767', time: '2017-09-27T16:15:40.131Z'
System info: host: 'WHATQ', ip: '169.254.144.88', os.name: 'Windows 10', os.arch: 'amd64', os.version: '10.0', java.version: '1.8.0_191'
Driver info: org.openqa.selenium.firefox.FirefoxDriver
Capabilities [{moz:profile=C:\Users\60132\AppData\Local\Temp\rust_mozprofile.k4LmVi98mHSz, rotatable=false, timeouts={implicit=0, pageLoad=300000, script=30000}, pageLoadStrategy=normal, moz:headless=false, platform=XP, specificationLevel=0, moz:accessibilityChecks=false, acceptInsecureCerts=true, browserVersion=56.0, platformVersion=10.0, moz:processID=12716, browserName=firefox, javascriptEnabled=true, platformName=XP}]
Session ID: 6c7ceae3-4c75-48d8-bcf1-06b66d8a703b
*** Element info: {Using=xpath, value=//input[@value='马上登录']}
[ERROR] 2018-11-19 14:28:44,768 com.webtest.utils.Log - com.webtest.demo.Front_Login_Test@10a035a0-testLogin运行失败，需要截屏
[INFO ] 2018-11-19 14:28:45,459 com.webtest.utils.Log - Quitted Browser
[INFO ] 2018-11-19 14:42:39,685 com.webtest.utils.Log - Using Firefox
[INFO ] 2018-11-19 14:42:39,737 com.webtest.utils.Log - firefox
[INFO ] 2018-11-19 14:42:42,991 com.webtest.utils.Log - Opened url http://localhost:8032/mymovie/
[INFO ] 2018-11-19 14:42:43,045 com.webtest.utils.Log - org.openqa.selenium.NoSuchElementException: Unable to locate element: 登录
For documentation on this error, please visit: http://seleniumhq.org/exceptions/no_such_element.html
Build info: version: '3.6.0', revision: '6fbf3ec767', time: '2017-09-27T16:15:40.131Z'
System info: host: 'WHATQ', ip: '169.254.144.88', os.name: 'Windows 10', os.arch: 'amd64', os.version: '10.0', java.version: '1.8.0_191'
Driver info: org.openqa.selenium.firefox.FirefoxDriver
Capabilities [{moz:profile=C:\Users\60132\AppData\Local\Temp\rust_mozprofile.WRPxBrYYnQvX, rotatable=false, timeouts={implicit=0, pageLoad=300000, script=30000}, pageLoadStrategy=normal, moz:headless=false, platform=XP, specificationLevel=0, moz:accessibilityChecks=false, acceptInsecureCerts=true, browserVersion=56.0, platformVersion=10.0, moz:processID=18280, browserName=firefox, javascriptEnabled=true, platformName=XP}]
Session ID: 5338e508-8a60-48d0-9e19-d7c8b45f9c9f
*** Element info: {Using=link text, value=登录}
[INFO ] 2018-11-19 14:42:43,057 com.webtest.utils.Log - org.openqa.selenium.NoSuchElementException: Unable to locate element: *[name='username']
For documentation on this error, please visit: http://seleniumhq.org/exceptions/no_such_element.html
Build info: version: '3.6.0', revision: '6fbf3ec767', time: '2017-09-27T16:15:40.131Z'
System info: host: 'WHATQ', ip: '169.254.144.88', os.name: 'Windows 10', os.arch: 'amd64', os.version: '10.0', java.version: '1.8.0_191'
Driver info: org.openqa.selenium.firefox.FirefoxDriver
Capabilities [{moz:profile=C:\Users\60132\AppData\Local\Temp\rust_mozprofile.WRPxBrYYnQvX, rotatable=false, timeouts={implicit=0, pageLoad=300000, script=30000}, pageLoadStrategy=normal, moz:headless=false, platform=XP, specificationLevel=0, moz:accessibilityChecks=false, acceptInsecureCerts=true, browserVersion=56.0, platformVersion=10.0, moz:processID=18280, browserName=firefox, javascriptEnabled=true, platformName=XP}]
Session ID: 5338e508-8a60-48d0-9e19-d7c8b45f9c9f
*** Element info: {Using=name, value=username}
[INFO ] 2018-11-19 14:42:43,069 com.webtest.utils.Log - org.openqa.selenium.NoSuchElementException: Unable to locate element: *[name='password']
For documentation on this error, please visit: http://seleniumhq.org/exceptions/no_such_element.html
Build info: version: '3.6.0', revision: '6fbf3ec767', time: '2017-09-27T16:15:40.131Z'
System info: host: 'WHATQ', ip: '169.254.144.88', os.name: 'Windows 10', os.arch: 'amd64', os.version: '10.0', java.version: '1.8.0_191'
Driver info: org.openqa.selenium.firefox.FirefoxDriver
Capabilities [{moz:profile=C:\Users\60132\AppData\Local\Temp\rust_mozprofile.WRPxBrYYnQvX, rotatable=false, timeouts={implicit=0, pageLoad=300000, script=30000}, pageLoadStrategy=normal, moz:headless=false, platform=XP, specificationLevel=0, moz:accessibilityChecks=false, acceptInsecureCerts=true, browserVersion=56.0, platformVersion=10.0, moz:processID=18280, browserName=firefox, javascriptEnabled=true, platformName=XP}]
Session ID: 5338e508-8a60-48d0-9e19-d7c8b45f9c9f
*** Element info: {Using=name, value=password}
[INFO ] 2018-11-19 14:42:43,080 com.webtest.utils.Log - org.openqa.selenium.NoSuchElementException: Unable to locate element: //input[@value='马上登录']
For documentation on this error, please visit: http://seleniumhq.org/exceptions/no_such_element.html
Build info: version: '3.6.0', revision: '6fbf3ec767', time: '2017-09-27T16:15:40.131Z'
System info: host: 'WHATQ', ip: '169.254.144.88', os.name: 'Windows 10', os.arch: 'amd64', os.version: '10.0', java.version: '1.8.0_191'
Driver info: org.openqa.selenium.firefox.FirefoxDriver
Capabilities [{moz:profile=C:\Users\60132\AppData\Local\Temp\rust_mozprofile.WRPxBrYYnQvX, rotatable=false, timeouts={implicit=0, pageLoad=300000, script=30000}, pageLoadStrategy=normal, moz:headless=false, platform=XP, specificationLevel=0, moz:accessibilityChecks=false, acceptInsecureCerts=true, browserVersion=56.0, platformVersion=10.0, moz:processID=18280, browserName=firefox, javascriptEnabled=true, platformName=XP}]
Session ID: 5338e508-8a60-48d0-9e19-d7c8b45f9c9f
*** Element info: {Using=xpath, value=//input[@value='马上登录']}
[INFO ] 2018-11-19 14:42:43,584 com.webtest.utils.Log - Quitted Browser
[INFO ] 2018-11-19 14:43:47,373 com.webtest.utils.Log - Using Firefox
[INFO ] 2018-11-19 14:43:47,409 com.webtest.utils.Log - firefox
[INFO ] 2018-11-19 14:43:50,661 com.webtest.utils.Log - Opened url http://localhost:8032/mymovie/
[INFO ] 2018-11-19 14:43:50,689 com.webtest.utils.Log - org.openqa.selenium.NoSuchElementException: Unable to locate element: 登录
For documentation on this error, please visit: http://seleniumhq.org/exceptions/no_such_element.html
Build info: version: '3.6.0', revision: '6fbf3ec767', time: '2017-09-27T16:15:40.131Z'
System info: host: 'WHATQ', ip: '169.254.144.88', os.name: 'Windows 10', os.arch: 'amd64', os.version: '10.0', java.version: '1.8.0_191'
Driver info: org.openqa.selenium.firefox.FirefoxDriver
Capabilities [{moz:profile=C:\Users\60132\AppData\Local\Temp\rust_mozprofile.CRWD6n6HfXNS, rotatable=false, timeouts={implicit=0, pageLoad=300000, script=30000}, pageLoadStrategy=normal, moz:headless=false, platform=XP, specificationLevel=0, moz:accessibilityChecks=false, acceptInsecureCerts=true, browserVersion=56.0, platformVersion=10.0, moz:processID=9360, browserName=firefox, javascriptEnabled=true, platformName=XP}]
Session ID: 44e8ad7f-4e80-4704-9c04-5b2362885728
*** Element info: {Using=link text, value=登录}
[INFO ] 2018-11-19 14:43:50,698 com.webtest.utils.Log - org.openqa.selenium.NoSuchElementException: Unable to locate element: *[name='username']
For documentation on this error, please visit: http://seleniumhq.org/exceptions/no_such_element.html
Build info: version: '3.6.0', revision: '6fbf3ec767', time: '2017-09-27T16:15:40.131Z'
System info: host: 'WHATQ', ip: '169.254.144.88', os.name: 'Windows 10', os.arch: 'amd64', os.version: '10.0', java.version: '1.8.0_191'
Driver info: org.openqa.selenium.firefox.FirefoxDriver
Capabilities [{moz:profile=C:\Users\60132\AppData\Local\Temp\rust_mozprofile.CRWD6n6HfXNS, rotatable=false, timeouts={implicit=0, pageLoad=300000, script=30000}, pageLoadStrategy=normal, moz:headless=false, platform=XP, specificationLevel=0, moz:accessibilityChecks=false, acceptInsecureCerts=true, browserVersion=56.0, platformVersion=10.0, moz:processID=9360, browserName=firefox, javascriptEnabled=true, platformName=XP}]
Session ID: 44e8ad7f-4e80-4704-9c04-5b2362885728
*** Element info: {Using=name, value=username}
[INFO ] 2018-11-19 14:43:50,707 com.webtest.utils.Log - org.openqa.selenium.NoSuchElementException: Unable to locate element: *[name='password']
For documentation on this error, please visit: http://seleniumhq.org/exceptions/no_such_element.html
Build info: version: '3.6.0', revision: '6fbf3ec767', time: '2017-09-27T16:15:40.131Z'
System info: host: 'WHATQ', ip: '169.254.144.88', os.name: 'Windows 10', os.arch: 'amd64', os.version: '10.0', java.version: '1.8.0_191'
Driver info: org.openqa.selenium.firefox.FirefoxDriver
Capabilities [{moz:profile=C:\Users\60132\AppData\Local\Temp\rust_mozprofile.CRWD6n6HfXNS, rotatable=false, timeouts={implicit=0, pageLoad=300000, script=30000}, pageLoadStrategy=normal, moz:headless=false, platform=XP, specificationLevel=0, moz:accessibilityChecks=false, acceptInsecureCerts=true, browserVersion=56.0, platformVersion=10.0, moz:processID=9360, browserName=firefox, javascriptEnabled=true, platformName=XP}]
Session ID: 44e8ad7f-4e80-4704-9c04-5b2362885728
*** Element info: {Using=name, value=password}
[INFO ] 2018-11-19 14:43:50,716 com.webtest.utils.Log - org.openqa.selenium.NoSuchElementException: Unable to locate element: //input[@value='马上登录']
For documentation on this error, please visit: http://seleniumhq.org/exceptions/no_such_element.html
Build info: version: '3.6.0', revision: '6fbf3ec767', time: '2017-09-27T16:15:40.131Z'
System info: host: 'WHATQ', ip: '169.254.144.88', os.name: 'Windows 10', os.arch: 'amd64', os.version: '10.0', java.version: '1.8.0_191'
Driver info: org.openqa.selenium.firefox.FirefoxDriver
Capabilities [{moz:profile=C:\Users\60132\AppData\Local\Temp\rust_mozprofile.CRWD6n6HfXNS, rotatable=false, timeouts={implicit=0, pageLoad=300000, script=30000}, pageLoadStrategy=normal, moz:headless=false, platform=XP, specificationLevel=0, moz:accessibilityChecks=false, acceptInsecureCerts=true, browserVersion=56.0, platformVersion=10.0, moz:processID=9360, browserName=firefox, javascriptEnabled=true, platformName=XP}]
Session ID: 44e8ad7f-4e80-4704-9c04-5b2362885728
*** Element info: {Using=xpath, value=//input[@value='马上登录']}
[ERROR] 2018-11-19 14:43:50,735 com.webtest.utils.Log - com.webtest.demo.Front_Login_Test@10a035a0-testLogin运行失败，需要截屏
[INFO ] 2018-11-19 14:43:51,299 com.webtest.utils.Log - Quitted Browser
[INFO ] 2018-11-19 14:44:07,496 com.webtest.utils.Log - Using Firefox
[INFO ] 2018-11-19 14:44:07,549 com.webtest.utils.Log - firefox
[INFO ] 2018-11-19 14:44:12,265 com.webtest.utils.Log - Opened url http://localhost:8032/mymovie/
[INFO ] 2018-11-19 14:44:12,378 com.webtest.utils.Log - org.openqa.selenium.NoSuchElementException: Unable to locate element: 登录
For documentation on this error, please visit: http://seleniumhq.org/exceptions/no_such_element.html
Build info: version: '3.6.0', revision: '6fbf3ec767', time: '2017-09-27T16:15:40.131Z'
System info: host: 'WHATQ', ip: '169.254.144.88', os.name: 'Windows 10', os.arch: 'amd64', os.version: '10.0', java.version: '1.8.0_191'
Driver info: org.openqa.selenium.firefox.FirefoxDriver
Capabilities [{moz:profile=C:\Users\60132\AppData\Local\Temp\rust_mozprofile.sWny3NKrD9oV, rotatable=false, timeouts={implicit=0, pageLoad=300000, script=30000}, pageLoadStrategy=normal, moz:headless=false, platform=XP, specificationLevel=0, moz:accessibilityChecks=false, acceptInsecureCerts=true, browserVersion=56.0, platformVersion=10.0, moz:processID=14076, browserName=firefox, javascriptEnabled=true, platformName=XP}]
Session ID: ce0eec35-cd13-4a06-a062-d7e484c78859
*** Element info: {Using=link text, value=登录}
[INFO ] 2018-11-19 14:44:12,396 com.webtest.utils.Log - org.openqa.selenium.NoSuchElementException: Unable to locate element: *[name='username']
For documentation on this error, please visit: http://seleniumhq.org/exceptions/no_such_element.html
Build info: version: '3.6.0', revision: '6fbf3ec767', time: '2017-09-27T16:15:40.131Z'
System info: host: 'WHATQ', ip: '169.254.144.88', os.name: 'Windows 10', os.arch: 'amd64', os.version: '10.0', java.version: '1.8.0_191'
Driver info: org.openqa.selenium.firefox.FirefoxDriver
Capabilities [{moz:profile=C:\Users\60132\AppData\Local\Temp\rust_mozprofile.sWny3NKrD9oV, rotatable=false, timeouts={implicit=0, pageLoad=300000, script=30000}, pageLoadStrategy=normal, moz:headless=false, platform=XP, specificationLevel=0, moz:accessibilityChecks=false, acceptInsecureCerts=true, browserVersion=56.0, platformVersion=10.0, moz:processID=14076, browserName=firefox, javascriptEnabled=true, platformName=XP}]
Session ID: ce0eec35-cd13-4a06-a062-d7e484c78859
*** Element info: {Using=name, value=username}
[INFO ] 2018-11-19 14:44:12,410 com.webtest.utils.Log - org.openqa.selenium.NoSuchElementException: Unable to locate element: *[name='password']
For documentation on this error, please visit: http://seleniumhq.org/exceptions/no_such_element.html
Build info: version: '3.6.0', revision: '6fbf3ec767', time: '2017-09-27T16:15:40.131Z'
System info: host: 'WHATQ', ip: '169.254.144.88', os.name: 'Windows 10', os.arch: 'amd64', os.version: '10.0', java.version: '1.8.0_191'
Driver info: org.openqa.selenium.firefox.FirefoxDriver
Capabilities [{moz:profile=C:\Users\60132\AppData\Local\Temp\rust_mozprofile.sWny3NKrD9oV, rotatable=false, timeouts={implicit=0, pageLoad=300000, script=30000}, pageLoadStrategy=normal, moz:headless=false, platform=XP, specificationLevel=0, moz:accessibilityChecks=false, acceptInsecureCerts=true, browserVersion=56.0, platformVersion=10.0, moz:processID=14076, browserName=firefox, javascriptEnabled=true, platformName=XP}]
Session ID: ce0eec35-cd13-4a06-a062-d7e484c78859
*** Element info: {Using=name, value=password}
[INFO ] 2018-11-19 14:44:12,419 com.webtest.utils.Log - org.openqa.selenium.NoSuchElementException: Unable to locate element: //input[@value='马上登录']
For documentation on this error, please visit: http://seleniumhq.org/exceptions/no_such_element.html
Build info: version: '3.6.0', revision: '6fbf3ec767', time: '2017-09-27T16:15:40.131Z'
System info: host: 'WHATQ', ip: '169.254.144.88', os.name: 'Windows 10', os.arch: 'amd64', os.version: '10.0', java.version: '1.8.0_191'
Driver info: org.openqa.selenium.firefox.FirefoxDriver
Capabilities [{moz:profile=C:\Users\60132\AppData\Local\Temp\rust_mozprofile.sWny3NKrD9oV, rotatable=false, timeouts={implicit=0, pageLoad=300000, script=30000}, pageLoadStrategy=normal, moz:headless=false, platform=XP, specificationLevel=0, moz:accessibilityChecks=false, acceptInsecureCerts=true, browserVersion=56.0, platformVersion=10.0, moz:processID=14076, browserName=firefox, javascriptEnabled=true, platformName=XP}]
Session ID: ce0eec35-cd13-4a06-a062-d7e484c78859
*** Element info: {Using=xpath, value=//input[@value='马上登录']}
[ERROR] 2018-11-19 14:44:12,436 com.webtest.utils.Log - com.webtest.demo.Front_Login_Test@10a035a0-testLogin运行失败，需要截屏
[INFO ] 2018-11-19 14:44:13,006 com.webtest.utils.Log - Quitted Browser
[INFO ] 2018-11-19 14:48:58,630 com.webtest.utils.Log - Using Firefox
[INFO ] 2018-11-19 14:48:58,675 com.webtest.utils.Log - firefox
[INFO ] 2018-11-19 14:48:59,192 com.webtest.utils.Log - Quitted Browser
[INFO ] 2018-11-19 16:37:43,292 com.webtest.utils.Log - Using Firefox
[INFO ] 2018-11-19 16:37:43,398 com.webtest.utils.Log - firefox
[INFO ] 2018-11-19 16:37:46,929 com.webtest.utils.Log - Opened url http://localhost:8032/MyMovie/admin.php/Login/index.html
[INFO ] 2018-11-19 16:37:46,929 com.webtest.utils.Log - Opened url ERROR
[INFO ] 2018-11-19 16:37:47,130 com.webtest.utils.Log - org.openqa.selenium.WebDriverException: Failed to decode response from marionette
Build info: version: '3.6.0', revision: '6fbf3ec767', time: '2017-09-27T16:15:40.131Z'
System info: host: 'WHATQ', ip: '169.254.144.88', os.name: 'Windows 10', os.arch: 'amd64', os.version: '10.0', java.version: '1.8.0_191'
Driver info: org.openqa.selenium.firefox.FirefoxDriver
Capabilities [{moz:profile=C:\Users\60132\AppData\Local\Temp\rust_mozprofile.qyzzvIoEQpDb, rotatable=false, timeouts={implicit=0, pageLoad=300000, script=30000}, pageLoadStrategy=normal, moz:headless=false, platform=XP, specificationLevel=0, moz:accessibilityChecks=false, acceptInsecureCerts=true, browserVersion=56.0, platformVersion=10.0, moz:processID=17132, browserName=firefox, javascriptEnabled=true, platformName=XP}]
Session ID: 5b578eae-23fa-4f8e-bf50-1947044a43d2
*** Element info: {Using=name, value=username}
[INFO ] 2018-11-19 16:37:47,135 com.webtest.utils.Log - org.openqa.selenium.SessionNotCreatedException: Tried to run command without establishing a connection
Build info: version: '3.6.0', revision: '6fbf3ec767', time: '2017-09-27T16:15:40.131Z'
System info: host: 'WHATQ', ip: '169.254.144.88', os.name: 'Windows 10', os.arch: 'amd64', os.version: '10.0', java.version: '1.8.0_191'
Driver info: org.openqa.selenium.firefox.FirefoxDriver
Capabilities [{moz:profile=C:\Users\60132\AppData\Local\Temp\rust_mozprofile.qyzzvIoEQpDb, rotatable=false, timeouts={implicit=0, pageLoad=300000, script=30000}, pageLoadStrategy=normal, moz:headless=false, platform=XP, specificationLevel=0, moz:accessibilityChecks=false, acceptInsecureCerts=true, browserVersion=56.0, platformVersion=10.0, moz:processID=17132, browserName=firefox, javascriptEnabled=true, platformName=XP}]
Session ID: 5b578eae-23fa-4f8e-bf50-1947044a43d2
*** Element info: {Using=name, value=password}
[INFO ] 2018-11-19 16:37:47,142 com.webtest.utils.Log - org.openqa.selenium.SessionNotCreatedException: Tried to run command without establishing a connection
Build info: version: '3.6.0', revision: '6fbf3ec767', time: '2017-09-27T16:15:40.131Z'
System info: host: 'WHATQ', ip: '169.254.144.88', os.name: 'Windows 10', os.arch: 'amd64', os.version: '10.0', java.version: '1.8.0_191'
Driver info: org.openqa.selenium.firefox.FirefoxDriver
Capabilities [{moz:profile=C:\Users\60132\AppData\Local\Temp\rust_mozprofile.qyzzvIoEQpDb, rotatable=false, timeouts={implicit=0, pageLoad=300000, script=30000}, pageLoadStrategy=normal, moz:headless=false, platform=XP, specificationLevel=0, moz:accessibilityChecks=false, acceptInsecureCerts=true, browserVersion=56.0, platformVersion=10.0, moz:processID=17132, browserName=firefox, javascriptEnabled=true, platformName=XP}]
Session ID: 5b578eae-23fa-4f8e-bf50-1947044a43d2
*** Element info: {Using=xpath, value=//input[@type='submit']}
